\BOOKMARK [1][-]{section.1}{Short recap of second quantization for fermions and bosons}{}% 1
\BOOKMARK [2][-]{subsection.1.1}{Many particle basis}{section.1}% 2
\BOOKMARK [2][-]{subsection.1.2}{From classical formulation to second quantization of one-particle operators}{section.1}% 3
\BOOKMARK [2][-]{subsection.1.3}{From classical formulation to second quantization of two-particle operators}{section.1}% 4
\BOOKMARK [2][-]{subsection.1.4}{Statistical mechanics}{section.1}% 5
\BOOKMARK [1][-]{section.2}{Coherent states and Grassman variables}{}% 6
\BOOKMARK [2][-]{subsection.2.1}{Coherent states}{section.2}% 7
\BOOKMARK [3][-]{subsubsection.2.1.1}{Bosonic case}{subsection.2.1}% 8
\BOOKMARK [3][-]{subsubsection.2.1.2}{Fermionic case}{subsection.2.1}% 9
\BOOKMARK [2][-]{subsection.2.2}{Grassmann variables}{section.2}% 10
\BOOKMARK [3][-]{subsubsection.2.2.1}{Fundamentals}{subsection.2.2}% 11
\BOOKMARK [3][-]{subsubsection.2.2.2}{Grassmann algebra}{subsection.2.2}% 12
\BOOKMARK [1][-]{section.3}{Coherent states for bosons}{}% 13
\BOOKMARK [1][-]{section.4}{Coherent states for fermions}{}% 14
\BOOKMARK [1][-]{section.5}{Gaussian integrals}{}% 15
\BOOKMARK [1][-]{section.6}{Matsubara sums and contour integrals}{}% 16
\BOOKMARK [1][-]{section.7}{Feynman path integrals}{}% 17
\BOOKMARK [1][-]{section.8}{Imaginary time path integrals and the partition function}{}% 18
\BOOKMARK [1][-]{section.9}{The partition function for a free electron gas}{}% 19
\BOOKMARK [1][-]{section.10}{Functional integrals over quantum fields}{}% 20
\BOOKMARK [1][-]{section.11}{Coherent states path integral}{}% 21
